# JRE version: Java(TM) SE Runtime Environment (8.0_221-b11) (build 1.8.0_221-b11)
# Java VM: Java HotSpot(TM) 64-Bit Server VM (25.221-b11 mixed mode windows-amd64 compressed oops)
Heap:
 PSYoungGen      total 52736K, used 1290K [0x00000000eb180000, 0x00000000f0580000, 0x0000000100000000)
  eden space 20480K, 3% used [0x00000000eb180000,0x00000000eb22a900,0x00000000ec580000)
  from space 32256K, 1% used [0x00000000ee600000,0x00000000ee698020,0x00000000f0580000)
  to   space 32768K, 0% used [0x00000000ec580000,0x00000000ec580000,0x00000000ee580000)
 ParOldGen       total 81920K, used 40416K [0x00000000c1400000, 0x00000000c6400000, 0x00000000eb180000)
  object space 81920K, 49% used [0x00000000c1400000,0x00000000c3b781a0,0x00000000c6400000)
 Metaspace       used 19335K, capacity 19580K, committed 19840K, reserved 1067008K
  class space    used 2307K, capacity 2404K, committed 2432K, reserved 1048576K
GC Heap History (10 events):
Event: 1988.485 GC heap before
{Heap before GC invocations=10 (full 3):
 PSYoungGen      total 41472K, used 17184K [0x00000000eb180000, 0x00000000ef480000, 0x0000000100000000)
  eden space 16384K, 100% used [0x00000000eb180000,0x00000000ec180000,0x00000000ec180000)
  from space 25088K, 3% used [0x00000000edc00000,0x00000000edcc8040,0x00000000ef480000)
  to   space 26112K, 0% used [0x00000000ec180000,0x00000000ec180000,0x00000000edb00000)
 ParOldGen       total 82944K, used 30705K [0x00000000c1400000, 0x00000000c6500000, 0x00000000eb180000)
  object space 82944K, 37% used [0x00000000c1400000,0x00000000c31fc418,0x00000000c6500000)
 Metaspace       used 18886K, capacity 19040K, committed 19328K, reserved 1067008K
  class space    used 2269K, capacity 2336K, committed 2432K, reserved 1048576K
Event: 1990.905 GC heap after
Heap after GC invocations=10 (full 3):
 PSYoungGen      total 18432K, used 1792K [0x00000000eb180000, 0x00000000ef180000, 0x0000000100000000)
  eden space 16384K, 0% used [0x00000000eb180000,0x00000000eb180000,0x00000000ec180000)
  from space 2048K, 87% used [0x00000000ec180000,0x00000000ec3400c0,0x00000000ec380000)
  to   space 24576K, 0% used [0x00000000ed980000,0x00000000ed980000,0x00000000ef180000)
 ParOldGen       total 82944K, used 30713K [0x00000000c1400000, 0x00000000c6500000, 0x00000000eb180000)
  object space 82944K, 37% used [0x00000000c1400000,0x00000000c31fe418,0x00000000c6500000)
 Metaspace       used 18886K, capacity 19040K, committed 19328K, reserved 1067008K
  class space    used 2269K, capacity 2336K, committed 2432K, reserved 1048576K
}
Event: 2416.289 GC heap before
{Heap before GC invocations=11 (full 3):
 PSYoungGen      total 18432K, used 18176K [0x00000000eb180000, 0x00000000ef180000, 0x0000000100000000)
  eden space 16384K, 100% used [0x00000000eb180000,0x00000000ec180000,0x00000000ec180000)
  from space 2048K, 87% used [0x00000000ec180000,0x00000000ec3400c0,0x00000000ec380000)
  to   space 24576K, 0% used [0x00000000ed980000,0x00000000ed980000,0x00000000ef180000)
 ParOldGen       total 82944K, used 30713K [0x00000000c1400000, 0x00000000c6500000, 0x00000000eb180000)
  object space 82944K, 37% used [0x00000000c1400000,0x00000000c31fe418,0x00000000c6500000)
 Metaspace       used 18944K, capacity 19200K, committed 19584K, reserved 1067008K
  class space    used 2281K, capacity 2368K, committed 2432K, reserved 1048576K
Event: 2416.375 GC heap after
Heap after GC invocations=11 (full 3):
 PSYoungGen      total 37376K, used 19228K [0x00000000eb180000, 0x00000000ef880000, 0x0000000100000000)
  eden space 12800K, 0% used [0x00000000eb180000,0x00000000eb180000,0x00000000ebe00000)
  from space 24576K, 78% used [0x00000000ed980000,0x00000000eec473b8,0x00000000ef180000)
  to   space 28160K, 0% used [0x00000000ebe00000,0x00000000ebe00000,0x00000000ed980000)
 ParOldGen       total 82944K, used 39673K [0x00000000c1400000, 0x00000000c6500000, 0x00000000eb180000)
  object space 82944K, 47% used [0x00000000c1400000,0x00000000c3abe438,0x00000000c6500000)
 Metaspace       used 18944K, capacity 19200K, committed 19584K, reserved 1067008K
  class space    used 2281K, capacity 2368K, committed 2432K, reserved 1048576K
}
Event: 2417.240 GC heap before
{Heap before GC invocations=12 (full 3):
 PSYoungGen      total 37376K, used 32028K [0x00000000eb180000, 0x00000000ef880000, 0x0000000100000000)
  eden space 12800K, 100% used [0x00000000eb180000,0x00000000ebe00000,0x00000000ebe00000)
  from space 24576K, 78% used [0x00000000ed980000,0x00000000eec473b8,0x00000000ef180000)
  to   space 28160K, 0% used [0x00000000ebe00000,0x00000000ebe00000,0x00000000ed980000)
 ParOldGen       total 82944K, used 39673K [0x00000000c1400000, 0x00000000c6500000, 0x00000000eb180000)
  object space 82944K, 47% used [0x00000000c1400000,0x00000000c3abe438,0x00000000c6500000)
 Metaspace       used 18957K, capacity 19206K, committed 19584K, reserved 1067008K
  class space    used 2282K, capacity 2369K, committed 2432K, reserved 1048576K
Event: 2417.461 GC heap after
Heap after GC invocations=12 (full 3):
 PSYoungGen      total 40960K, used 26708K [0x00000000eb180000, 0x00000000f0680000, 0x0000000100000000)
  eden space 12800K, 0% used [0x00000000eb180000,0x00000000eb180000,0x00000000ebe00000)
  from space 28160K, 94% used [0x00000000ebe00000,0x00000000ed815370,0x00000000ed980000)
  to   space 33280K, 0% used [0x00000000ee600000,0x00000000ee600000,0x00000000f0680000)
 ParOldGen       total 82944K, used 47813K [0x00000000c1400000, 0x00000000c6500000, 0x00000000eb180000)
  object space 82944K, 57% used [0x00000000c1400000,0x00000000c42b1740,0x00000000c6500000)
 Metaspace       used 18957K, capacity 19206K, committed 19584K, reserved 1067008K
  class space    used 2282K, capacity 2369K, committed 2432K, reserved 1048576K
}
Event: 4409.447 GC heap before
{Heap before GC invocations=13 (full 4):
 PSYoungGen      total 40960K, used 39508K [0x00000000eb180000, 0x00000000f0680000, 0x0000000100000000)
  eden space 12800K, 100% used [0x00000000eb180000,0x00000000ebe00000,0x00000000ebe00000)
  from space 28160K, 94% used [0x00000000ebe00000,0x00000000ed815370,0x00000000ed980000)
  to   space 33280K, 0% used [0x00000000ee600000,0x00000000ee600000,0x00000000f0680000)
 ParOldGen       total 82944K, used 63233K [0x00000000c1400000, 0x00000000c6500000, 0x00000000eb180000)
  object space 82944K, 76% used [0x00000000c1400000,0x00000000c51c0760,0x00000000c6500000)
 Metaspace       used 19273K, capacity 19558K, committed 19840K, reserved 1067008K
  class space    used 2304K, capacity 2401K, committed 2432K, reserved 1048576K
Event: 4411.649 GC heap after
Heap after GC invocations=13 (full 4):
 PSYoungGen      total 40960K, used 0K [0x00000000eb180000, 0x00000000f0680000, 0x0000000100000000)
  eden space 12800K, 0% used [0x00000000eb180000,0x00000000eb180000,0x00000000ebe00000)
  from space 28160K, 0% used [0x00000000ebe00000,0x00000000ebe00000,0x00000000ed980000)
  to   space 33280K, 0% used [0x00000000ee600000,0x00000000ee600000,0x00000000f0680000)
 ParOldGen       total 81920K, used 32900K [0x00000000c1400000, 0x00000000c6400000, 0x00000000eb180000)
  object space 81920K, 40% used [0x00000000c1400000,0x00000000c3421390,0x00000000c6400000)
 Metaspace       used 19265K, capacity 19546K, committed 19840K, reserved 1067008K
  class space    used 2301K, capacity 2395K, committed 2432K, reserved 1048576K
}
Event: 4746.041 GC heap before
{Heap before GC invocations=14 (full 4):
 PSYoungGen      total 40960K, used 12800K [0x00000000eb180000, 0x00000000f0680000, 0x0000000100000000)
  eden space 12800K, 100% used [0x00000000eb180000,0x00000000ebe00000,0x00000000ebe00000)
  from space 28160K, 0% used [0x00000000ebe00000,0x00000000ebe00000,0x00000000ed980000)
  to   space 33280K, 0% used [0x00000000ee600000,0x00000000ee600000,0x00000000f0680000)
 ParOldGen       total 81920K, used 40408K [0x00000000c1400000, 0x00000000c6400000, 0x00000000eb180000)
  object space 81920K, 49% used [0x00000000c1400000,0x00000000c3b761a0,0x00000000c6400000)
 Metaspace       used 19335K, capacity 19580K, committed 19840K, reserved 1067008K
  class space    used 2307K, capacity 2404K, committed 2432K, reserved 1048576K
Event: 4746.244 GC heap after
Heap after GC invocations=14 (full 4):
 PSYoungGen      total 52736K, used 608K [0x00000000eb180000, 0x00000000f0580000, 0x0000000100000000)
  eden space 20480K, 0% used [0x00000000eb180000,0x00000000eb180000,0x00000000ec580000)
  from space 32256K, 1% used [0x00000000ee600000,0x00000000ee698020,0x00000000f0580000)
  to   space 32768K, 0% used [0x00000000ec580000,0x00000000ec580000,0x00000000ee580000)
 ParOldGen       total 81920K, used 40416K [0x00000000c1400000, 0x00000000c6400000, 0x00000000eb180000)
  object space 81920K, 49% used [0x00000000c1400000,0x00000000c3b781a0,0x00000000c6400000)
 Metaspace       used 19335K, capacity 19580K, committed 19840K, reserved 1067008K
  class space    used 2307K, capacity 2404K, committed 2432K, reserved 1048576K
}

