# JRE version: Java(TM) SE Runtime Environment (8.0_221-b11) (build 1.8.0_221-b11)
# Java VM: Java HotSpot(TM) 64-Bit Server VM (25.221-b11 mixed mode windows-amd64 compressed oops)
Heap:
 PSYoungGen      total 33792K, used 16716K [0x00000000eb180000, 0x00000000f1b00000, 0x0000000100000000)
  eden space 31232K, 53% used [0x00000000eb180000,0x00000000ec1d3388,0x00000000ed000000)
  from space 2560K, 0% used [0x00000000ed000000,0x00000000ed000000,0x00000000ed280000)
  to   space 30208K, 0% used [0x00000000efd80000,0x00000000efd80000,0x00000000f1b00000)
 ParOldGen       total 104960K, used 30812K [0x00000000c1400000, 0x00000000c7a80000, 0x00000000eb180000)
  object space 104960K, 29% used [0x00000000c1400000,0x00000000c3217108,0x00000000c7a80000)
 Metaspace       used 18662K, capacity 18864K, committed 18944K, reserved 1067008K
  class space    used 2227K, capacity 2300K, committed 2304K, reserved 1048576K
GC Heap History (10 events):
Event: 19.341 GC heap before
{Heap before GC invocations=4 (full 1):
 PSYoungGen      total 18944K, used 2528K [0x00000000eb180000, 0x00000000ed680000, 0x0000000100000000)
  eden space 16384K, 0% used [0x00000000eb180000,0x00000000eb180000,0x00000000ec180000)
  from space 2560K, 98% used [0x00000000ec180000,0x00000000ec3f8030,0x00000000ec400000)
  to   space 2560K, 0% used [0x00000000ed400000,0x00000000ed400000,0x00000000ed680000)
 ParOldGen       total 44032K, used 37468K [0x00000000c1400000, 0x00000000c3f00000, 0x00000000eb180000)
  object space 44032K, 85% used [0x00000000c1400000,0x00000000c38970d8,0x00000000c3f00000)
 Metaspace       used 17188K, capacity 17404K, committed 17664K, reserved 1064960K
  class space    used 2108K, capacity 2202K, committed 2304K, reserved 1048576K
Event: 19.388 GC heap after
Heap after GC invocations=4 (full 1):
 PSYoungGen      total 18944K, used 0K [0x00000000eb180000, 0x00000000ed680000, 0x0000000100000000)
  eden space 16384K, 0% used [0x00000000eb180000,0x00000000eb180000,0x00000000ec180000)
  from space 2560K, 0% used [0x00000000ec180000,0x00000000ec180000,0x00000000ec400000)
  to   space 2560K, 0% used [0x00000000ed400000,0x00000000ed400000,0x00000000ed680000)
 ParOldGen       total 65024K, used 18009K [0x00000000c1400000, 0x00000000c5380000, 0x00000000eb180000)
  object space 65024K, 27% used [0x00000000c1400000,0x00000000c2596680,0x00000000c5380000)
 Metaspace       used 17188K, capacity 17404K, committed 17664K, reserved 1064960K
  class space    used 2108K, capacity 2202K, committed 2304K, reserved 1048576K
}
Event: 24.097 GC heap before
{Heap before GC invocations=5 (full 1):
 PSYoungGen      total 18944K, used 16384K [0x00000000eb180000, 0x00000000ed680000, 0x0000000100000000)
  eden space 16384K, 100% used [0x00000000eb180000,0x00000000ec180000,0x00000000ec180000)
  from space 2560K, 0% used [0x00000000ec180000,0x00000000ec180000,0x00000000ec400000)
  to   space 2560K, 0% used [0x00000000ed400000,0x00000000ed400000,0x00000000ed680000)
 ParOldGen       total 65024K, used 18009K [0x00000000c1400000, 0x00000000c5380000, 0x00000000eb180000)
  object space 65024K, 27% used [0x00000000c1400000,0x00000000c2596680,0x00000000c5380000)
 Metaspace       used 17952K, capacity 18140K, committed 18432K, reserved 1064960K
  class space    used 2218K, capacity 2298K, committed 2304K, reserved 1048576K
Event: 24.107 GC heap after
Heap after GC invocations=5 (full 1):
 PSYoungGen      total 31232K, used 708K [0x00000000eb180000, 0x00000000ed500000, 0x0000000100000000)
  eden space 30208K, 0% used [0x00000000eb180000,0x00000000eb180000,0x00000000ecf00000)
  from space 1024K, 69% used [0x00000000ed400000,0x00000000ed4b12d0,0x00000000ed500000)
  to   space 2560K, 0% used [0x00000000ed000000,0x00000000ed000000,0x00000000ed280000)
 ParOldGen       total 65024K, used 40540K [0x00000000c1400000, 0x00000000c5380000, 0x00000000eb180000)
  object space 65024K, 62% used [0x00000000c1400000,0x00000000c3b970b0,0x00000000c5380000)
 Metaspace       used 17952K, capacity 18140K, committed 18432K, reserved 1064960K
  class space    used 2218K, capacity 2298K, committed 2304K, reserved 1048576K
}
Event: 24.107 GC heap before
{Heap before GC invocations=6 (full 2):
 PSYoungGen      total 31232K, used 708K [0x00000000eb180000, 0x00000000ed500000, 0x0000000100000000)
  eden space 30208K, 0% used [0x00000000eb180000,0x00000000eb180000,0x00000000ecf00000)
  from space 1024K, 69% used [0x00000000ed400000,0x00000000ed4b12d0,0x00000000ed500000)
  to   space 2560K, 0% used [0x00000000ed000000,0x00000000ed000000,0x00000000ed280000)
 ParOldGen       total 65024K, used 40540K [0x00000000c1400000, 0x00000000c5380000, 0x00000000eb180000)
  object space 65024K, 62% used [0x00000000c1400000,0x00000000c3b970b0,0x00000000c5380000)
 Metaspace       used 17952K, capacity 18140K, committed 18432K, reserved 1064960K
  class space    used 2218K, capacity 2298K, committed 2304K, reserved 1048576K
Event: 24.159 GC heap after
Heap after GC invocations=6 (full 2):
 PSYoungGen      total 31232K, used 0K [0x00000000eb180000, 0x00000000ed500000, 0x0000000100000000)
  eden space 30208K, 0% used [0x00000000eb180000,0x00000000eb180000,0x00000000ecf00000)
  from space 1024K, 0% used [0x00000000ed400000,0x00000000ed400000,0x00000000ed500000)
  to   space 2560K, 0% used [0x00000000ed000000,0x00000000ed000000,0x00000000ed280000)
 ParOldGen       total 80896K, used 22361K [0x00000000c1400000, 0x00000000c6300000, 0x00000000eb180000)
  object space 80896K, 27% used [0x00000000c1400000,0x00000000c29d6538,0x00000000c6300000)
 Metaspace       used 17952K, capacity 18140K, committed 18432K, reserved 1064960K
  class space    used 2218K, capacity 2298K, committed 2304K, reserved 1048576K
}
Event: 63.517 GC heap before
{Heap before GC invocations=7 (full 2):
 PSYoungGen      total 31232K, used 30208K [0x00000000eb180000, 0x00000000ed500000, 0x0000000100000000)
  eden space 30208K, 100% used [0x00000000eb180000,0x00000000ecf00000,0x00000000ecf00000)
  from space 1024K, 0% used [0x00000000ed400000,0x00000000ed400000,0x00000000ed500000)
  to   space 2560K, 0% used [0x00000000ed000000,0x00000000ed000000,0x00000000ed280000)
 ParOldGen       total 80896K, used 22361K [0x00000000c1400000, 0x00000000c6300000, 0x00000000eb180000)
  object space 80896K, 27% used [0x00000000c1400000,0x00000000c29d6538,0x00000000c6300000)
 Metaspace       used 18361K, capacity 18530K, committed 18688K, reserved 1064960K
  class space    used 2226K, capacity 2299K, committed 2304K, reserved 1048576K
Event: 63.530 GC heap after
Heap after GC invocations=7 (full 2):
 PSYoungGen      total 33792K, used 608K [0x00000000eb180000, 0x00000000f1b00000, 0x0000000100000000)
  eden space 31232K, 0% used [0x00000000eb180000,0x00000000eb180000,0x00000000ed000000)
  from space 2560K, 23% used [0x00000000ed000000,0x00000000ed098028,0x00000000ed280000)
  to   space 30208K, 0% used [0x00000000efd80000,0x00000000efd80000,0x00000000f1b00000)
 ParOldGen       total 80896K, used 56163K [0x00000000c1400000, 0x00000000c6300000, 0x00000000eb180000)
  object space 80896K, 69% used [0x00000000c1400000,0x00000000c4ad8db8,0x00000000c6300000)
 Metaspace       used 18361K, capacity 18530K, committed 18688K, reserved 1064960K
  class space    used 2226K, capacity 2299K, committed 2304K, reserved 1048576K
}
Event: 63.530 GC heap before
{Heap before GC invocations=8 (full 3):
 PSYoungGen      total 33792K, used 608K [0x00000000eb180000, 0x00000000f1b00000, 0x0000000100000000)
  eden space 31232K, 0% used [0x00000000eb180000,0x00000000eb180000,0x00000000ed000000)
  from space 2560K, 23% used [0x00000000ed000000,0x00000000ed098028,0x00000000ed280000)
  to   space 30208K, 0% used [0x00000000efd80000,0x00000000efd80000,0x00000000f1b00000)
 ParOldGen       total 80896K, used 56163K [0x00000000c1400000, 0x00000000c6300000, 0x00000000eb180000)
  object space 80896K, 69% used [0x00000000c1400000,0x00000000c4ad8db8,0x00000000c6300000)
 Metaspace       used 18361K, capacity 18530K, committed 18688K, reserved 1064960K
  class space    used 2226K, capacity 2299K, committed 2304K, reserved 1048576K
Event: 63.608 GC heap after
Heap after GC invocations=8 (full 3):
 PSYoungGen      total 33792K, used 0K [0x00000000eb180000, 0x00000000f1b00000, 0x0000000100000000)
  eden space 31232K, 0% used [0x00000000eb180000,0x00000000eb180000,0x00000000ed000000)
  from space 2560K, 0% used [0x00000000ed000000,0x00000000ed000000,0x00000000ed280000)
  to   space 30208K, 0% used [0x00000000efd80000,0x00000000efd80000,0x00000000f1b00000)
 ParOldGen       total 104960K, used 30812K [0x00000000c1400000, 0x00000000c7a80000, 0x00000000eb180000)
  object space 104960K, 29% used [0x00000000c1400000,0x00000000c3217108,0x00000000c7a80000)
 Metaspace       used 18361K, capacity 18530K, committed 18688K, reserved 1064960K
  class space    used 2226K, capacity 2299K, committed 2304K, reserved 1048576K
}

